<?xml version="1.0" encoding="UTF-8"?>
<testsuite xmlns:xsi="http://www.w3.org/2001/XMLSchema-instance" xsi:noNamespaceSchemaLocation="https://maven.apache.org/surefire/maven-surefire-plugin/xsd/surefire-test-report.xsd" name="com.oriharakun.AppTest" time="0.029" tests="1" errors="0" skipped="0" failures="0">
  <properties>
    <property name="java.specification.version" value="21"/>
    <property name="sun.cpu.isalist" value="amd64"/>
    <property name="sun.jnu.encoding" value="MS932"/>
    <property name="java.class.path" value="c:\Users\swing\scoop\apps\vscode\current\data\ConcurrentAppBoot\bildtest02\target\test-classes;c:\Users\swing\scoop\apps\vscode\current\data\ConcurrentAppBoot\bildtest02\target\classes;C:\Users\swing\.m2\repository\junit\junit\4.11\junit-4.11.jar;C:\Users\swing\.m2\repository\org\hamcrest\hamcrest-core\1.3\hamcrest-core-1.3.jar;"/>
    <property name="java.vm.vendor" value="Oracle Corporation"/>
    <property name="sun.arch.data.model" value="64"/>
    <property name="user.variant" value=""/>
    <property name="java.vendor.url" value="https://java.oracle.com/"/>
    <property name="user.timezone" value="Asia/Tokyo"/>
    <property name="os.name" value="Windows 11"/>
    <property name="java.vm.specification.version" value="21"/>
    <property name="sun.java.launcher" value="SUN_STANDARD"/>
    <property name="user.country" value="JP"/>
    <property name="sun.boot.library.path" value="C:\Users\swing\scoop\apps\openjdk21\current\bin"/>
    <property name="sun.java.command" value="C:\Users\swing\AppData\Local\Temp\surefire3439478856486091395\surefirebooter15270885448710328130.jar C:\Users\swing\AppData\Local\Temp\surefire3439478856486091395 2024-02-11T14-55-07_062-jvmRun1 surefire1299696824311287932tmp surefire_01661161647304594211tmp"/>
    <property name="jdk.debug" value="release"/>
    <property name="surefire.test.class.path" value="c:\Users\swing\scoop\apps\vscode\current\data\ConcurrentAppBoot\bildtest02\target\test-classes;c:\Users\swing\scoop\apps\vscode\current\data\ConcurrentAppBoot\bildtest02\target\classes;C:\Users\swing\.m2\repository\junit\junit\4.11\junit-4.11.jar;C:\Users\swing\.m2\repository\org\hamcrest\hamcrest-core\1.3\hamcrest-core-1.3.jar;"/>
    <property name="sun.cpu.endian" value="little"/>
    <property name="user.home" value="C:\Users\swing"/>
    <property name="user.language" value="ja"/>
    <property name="java.specification.vendor" value="Oracle Corporation"/>
    <property name="java.version.date" value="2023-10-17"/>
    <property name="java.home" value="C:\Users\swing\scoop\apps\openjdk21\current"/>
    <property name="file.separator" value="\"/>
    <property name="basedir" value="c:\Users\swing\scoop\apps\vscode\current\data\ConcurrentAppBoot\bildtest02"/>
    <property name="java.vm.compressedOopsMode" value="Zero based"/>
    <property name="line.separator" value="&#10;"/>
    <property name="java.vm.specification.vendor" value="Oracle Corporation"/>
    <property name="java.specification.name" value="Java Platform API Specification"/>
    <property name="surefire.real.class.path" value="C:\Users\swing\AppData\Local\Temp\surefire3439478856486091395\surefirebooter15270885448710328130.jar"/>
    <property name="user.script" value=""/>
    <property name="sun.management.compiler" value="HotSpot 64-Bit Tiered Compilers"/>
    <property name="java.runtime.version" value="21.0.1+12-29"/>
    <property name="user.name" value="swing"/>
    <property name="stdout.encoding" value="MS932"/>
    <property name="path.separator" value=";"/>
    <property name="os.version" value="10.0"/>
    <property name="java.runtime.name" value="OpenJDK Runtime Environment"/>
    <property name="file.encoding" value="UTF-8"/>
    <property name="java.vm.name" value="OpenJDK 64-Bit Server VM"/>
    <property name="localRepository" value="C:\Users\swing\.m2\repository"/>
    <property name="java.vendor.url.bug" value="https://bugreport.java.com/bugreport/"/>
    <property name="java.io.tmpdir" value="C:\Users\swing\AppData\Local\Temp\"/>
    <property name="java.version" value="21.0.1"/>
    <property name="user.dir" value="c:\Users\swing\scoop\apps\vscode\current\data\ConcurrentAppBoot\bildtest02"/>
    <property name="os.arch" value="amd64"/>
    <property name="java.vm.specification.name" value="Java Virtual Machine Specification"/>
    <property name="sun.os.patch.level" value=""/>
    <property name="native.encoding" value="MS932"/>
    <property name="java.library.path" value="C:\Users\swing\scoop\apps\openjdk21\current\bin;C:\WINDOWS\Sun\Java\bin;C:\WINDOWS\system32;C:\WINDOWS;C:\Program Files\PowerShell\7;C:\WINDOWS\system32;C:\WINDOWS;C:\WINDOWS\System32\Wbem;C:\WINDOWS\System32\WindowsPowerShell\v1.0\;C:\WINDOWS\System32\OpenSSH\;C:\Program Files\NVIDIA Corporation\NVIDIA NvDLISR;C:\Program Files (x86)\NVIDIA Corporation\PhysX\Common;C:\WINDOWS\system32;C:\WINDOWS;C:\WINDOWS\System32\Wbem;C:\WINDOWS\System32\WindowsPowerShell\v1.0\;C:\WINDOWS\System32\OpenSSH\;C:\Users\swing\AppData\Roaming\nvm;C:\Program Files\nodejs;C:\Program Files\dotnet\;C:\Program Files (x86)\Windows Kits\10\Windows Performance Toolkit\;C:\Program Files\PowerShell\7\;C:\Users\swing\scoop\apps\openjdk21\current\bin;C:\Users\swing\scoop\apps\vscode\current\bin;C:\Users\swing\scoop\apps\openjdk20\current\bin;C:\Users\swing\scoop\shims;C:\Users\swing\AppData\Local\Microsoft\WindowsApps;C:\Users\swing\AppData\Roaming\nvm;C:\Program Files\nodejs;C:\Users\swing\AppData\Local\atom\bin;C:\Users\swing\.dotnet\tools;C:\Program Files\maven\apache-maven-3.9.6\bin;."/>
    <property name="java.vm.info" value="mixed mode, sharing"/>
    <property name="stderr.encoding" value="MS932"/>
    <property name="java.vendor" value="Oracle Corporation"/>
    <property name="java.vm.version" value="21.0.1+12-29"/>
    <property name="sun.io.unicode.encoding" value="UnicodeLittle"/>
    <property name="java.class.version" value="65.0"/>
  </properties>
  <testcase name="shouldAnswerWithTrue" classname="com.oriharakun.AppTest" time="0.004"/>
</testsuite>